# JRE version: OpenJDK Runtime Environment Temurin-17.0.9+9 (17.0.9+9) (build 17.0.9+9)
# Java VM: OpenJDK 64-Bit Server VM Temurin-17.0.9+9 (17.0.9+9, mixed mode, tiered, compressed oops, compressed class ptrs, parallel gc, windows-amd64)
GC Precious Log:
 CPUs: 4 total, 4 available
 Memory: 8080M
 Large Page Support: Disabled
 NUMA Support: Disabled
 Compressed Oops: Enabled (32-bit)
 Alignments: Space 512K, Generation 512K, Heap 2M
 Heap Min Capacity: 100M
 Heap Initial Capacity: 100M
 Heap Max Capacity: 1G
 Pre-touch: Disabled
 Parallel Workers: 4
Heap:
 PSYoungGen      total 22016K, used 2343K [0x00000000eab00000, 0x00000000ec280000, 0x0000000100000000)
  eden space 20480K, 3% used [0x00000000eab00000,0x00000000eabc9fa0,0x00000000ebf00000)
  from space 1536K, 100% used [0x00000000ebf00000,0x00000000ec080000,0x00000000ec080000)
  to   space 1024K, 0% used [0x00000000ec080000,0x00000000ec080000,0x00000000ec180000)
 ParOldGen       total 68608K, used 40730K [0x00000000c0000000, 0x00000000c4300000, 0x00000000eab00000)
  object space 68608K, 59% used [0x00000000c0000000,0x00000000c27c6b80,0x00000000c4300000)
 Metaspace       used 60430K, committed 61632K, reserved 1114112K
  class space    used 6502K, committed 7040K, reserved 1048576K
GC Heap History (20 events):
Event: 38.651 GC heap before
{Heap before GC invocations=24 (full 2):
 PSYoungGen      total 23552K, used 23296K [0x00000000eab00000, 0x00000000ec480000, 0x0000000100000000)
  eden space 20992K, 100% used [0x00000000eab00000,0x00000000ebf80000,0x00000000ebf80000)
  from space 2560K, 90% used [0x00000000ebf80000,0x00000000ec1c0000,0x00000000ec200000)
  to   space 2560K, 0% used [0x00000000ec200000,0x00000000ec200000,0x00000000ec480000)
 ParOldGen       total 68608K, used 28855K [0x00000000c0000000, 0x00000000c4300000, 0x00000000eab00000)
  object space 68608K, 42% used [0x00000000c0000000,0x00000000c1c2dd80,0x00000000c4300000)
 Metaspace       used 52680K, committed 53760K, reserved 1114112K
  class space    used 5695K, committed 6208K, reserved 1048576K
}
Event: 38.657 GC heap after
{Heap after GC invocations=24 (full 2):
 PSYoungGen      total 23552K, used 2336K [0x00000000eab00000, 0x00000000ec480000, 0x0000000100000000)
  eden space 20992K, 0% used [0x00000000eab00000,0x00000000eab00000,0x00000000ebf80000)
  from space 2560K, 91% used [0x00000000ec200000,0x00000000ec448010,0x00000000ec480000)
  to   space 2560K, 0% used [0x00000000ebf80000,0x00000000ebf80000,0x00000000ec200000)
 ParOldGen       total 68608K, used 31135K [0x00000000c0000000, 0x00000000c4300000, 0x00000000eab00000)
  object space 68608K, 45% used [0x00000000c0000000,0x00000000c1e67d80,0x00000000c4300000)
 Metaspace       used 52680K, committed 53760K, reserved 1114112K
  class space    used 5695K, committed 6208K, reserved 1048576K
}
Event: 40.630 GC heap before
{Heap before GC invocations=25 (full 2):
 PSYoungGen      total 23552K, used 23328K [0x00000000eab00000, 0x00000000ec480000, 0x0000000100000000)
  eden space 20992K, 100% used [0x00000000eab00000,0x00000000ebf80000,0x00000000ebf80000)
  from space 2560K, 91% used [0x00000000ec200000,0x00000000ec448010,0x00000000ec480000)
  to   space 2560K, 0% used [0x00000000ebf80000,0x00000000ebf80000,0x00000000ec200000)
 ParOldGen       total 68608K, used 31135K [0x00000000c0000000, 0x00000000c4300000, 0x00000000eab00000)
  object space 68608K, 45% used [0x00000000c0000000,0x00000000c1e67d80,0x00000000c4300000)
 Metaspace       used 53692K, committed 54848K, reserved 1114112K
  class space    used 5782K, committed 6336K, reserved 1048576K
}
Event: 40.636 GC heap after
{Heap after GC invocations=25 (full 2):
 PSYoungGen      total 23552K, used 2167K [0x00000000eab00000, 0x00000000ec480000, 0x0000000100000000)
  eden space 20992K, 0% used [0x00000000eab00000,0x00000000eab00000,0x00000000ebf80000)
  from space 2560K, 84% used [0x00000000ebf80000,0x00000000ec19dfc8,0x00000000ec200000)
  to   space 2560K, 0% used [0x00000000ec200000,0x00000000ec200000,0x00000000ec480000)
 ParOldGen       total 68608K, used 33434K [0x00000000c0000000, 0x00000000c4300000, 0x00000000eab00000)
  object space 68608K, 48% used [0x00000000c0000000,0x00000000c20a6968,0x00000000c4300000)
 Metaspace       used 53692K, committed 54848K, reserved 1114112K
  class space    used 5782K, committed 6336K, reserved 1048576K
}
Event: 42.001 GC heap before
{Heap before GC invocations=26 (full 2):
 PSYoungGen      total 23552K, used 23119K [0x00000000eab00000, 0x00000000ec480000, 0x0000000100000000)
  eden space 20992K, 99% used [0x00000000eab00000,0x00000000ebf75fe8,0x00000000ebf80000)
  from space 2560K, 84% used [0x00000000ebf80000,0x00000000ec19dfc8,0x00000000ec200000)
  to   space 2560K, 0% used [0x00000000ec200000,0x00000000ec200000,0x00000000ec480000)
 ParOldGen       total 68608K, used 33434K [0x00000000c0000000, 0x00000000c4300000, 0x00000000eab00000)
  object space 68608K, 48% used [0x00000000c0000000,0x00000000c20a6968,0x00000000c4300000)
 Metaspace       used 54986K, committed 56128K, reserved 1114112K
  class space    used 5922K, committed 6464K, reserved 1048576K
}
Event: 42.008 GC heap after
{Heap after GC invocations=26 (full 2):
 PSYoungGen      total 23552K, used 1979K [0x00000000eab00000, 0x00000000ec480000, 0x0000000100000000)
  eden space 20992K, 0% used [0x00000000eab00000,0x00000000eab00000,0x00000000ebf80000)
  from space 2560K, 77% used [0x00000000ec200000,0x00000000ec3eed60,0x00000000ec480000)
  to   space 2560K, 0% used [0x00000000ebf80000,0x00000000ebf80000,0x00000000ec200000)
 ParOldGen       total 68608K, used 35564K [0x00000000c0000000, 0x00000000c4300000, 0x00000000eab00000)
  object space 68608K, 51% used [0x00000000c0000000,0x00000000c22bb058,0x00000000c4300000)
 Metaspace       used 54986K, committed 56128K, reserved 1114112K
  class space    used 5922K, committed 6464K, reserved 1048576K
}
Event: 43.005 GC heap before
{Heap before GC invocations=27 (full 2):
 PSYoungGen      total 23552K, used 22971K [0x00000000eab00000, 0x00000000ec480000, 0x0000000100000000)
  eden space 20992K, 100% used [0x00000000eab00000,0x00000000ebf80000,0x00000000ebf80000)
  from space 2560K, 77% used [0x00000000ec200000,0x00000000ec3eed60,0x00000000ec480000)
  to   space 2560K, 0% used [0x00000000ebf80000,0x00000000ebf80000,0x00000000ec200000)
 ParOldGen       total 68608K, used 35564K [0x00000000c0000000, 0x00000000c4300000, 0x00000000eab00000)
  object space 68608K, 51% used [0x00000000c0000000,0x00000000c22bb058,0x00000000c4300000)
 Metaspace       used 56210K, committed 57344K, reserved 1114112K
  class space    used 6041K, committed 6528K, reserved 1048576K
}
Event: 43.011 GC heap after
{Heap after GC invocations=27 (full 2):
 PSYoungGen      total 23040K, used 1991K [0x00000000eab00000, 0x00000000ec380000, 0x0000000100000000)
  eden space 20992K, 0% used [0x00000000eab00000,0x00000000eab00000,0x00000000ebf80000)
  from space 2048K, 97% used [0x00000000ebf80000,0x00000000ec171d28,0x00000000ec180000)
  to   space 2048K, 0% used [0x00000000ec180000,0x00000000ec180000,0x00000000ec380000)
 ParOldGen       total 68608K, used 37006K [0x00000000c0000000, 0x00000000c4300000, 0x00000000eab00000)
  object space 68608K, 53% used [0x00000000c0000000,0x00000000c2423b00,0x00000000c4300000)
 Metaspace       used 56210K, committed 57344K, reserved 1114112K
  class space    used 6041K, committed 6528K, reserved 1048576K
}
Event: 44.133 GC heap before
{Heap before GC invocations=28 (full 2):
 PSYoungGen      total 23040K, used 22983K [0x00000000eab00000, 0x00000000ec380000, 0x0000000100000000)
  eden space 20992K, 100% used [0x00000000eab00000,0x00000000ebf80000,0x00000000ebf80000)
  from space 2048K, 97% used [0x00000000ebf80000,0x00000000ec171d28,0x00000000ec180000)
  to   space 2048K, 0% used [0x00000000ec180000,0x00000000ec180000,0x00000000ec380000)
 ParOldGen       total 68608K, used 37006K [0x00000000c0000000, 0x00000000c4300000, 0x00000000eab00000)
  object space 68608K, 53% used [0x00000000c0000000,0x00000000c2423b00,0x00000000c4300000)
 Metaspace       used 57065K, committed 58176K, reserved 1114112K
  class space    used 6133K, committed 6656K, reserved 1048576K
}
Event: 44.138 GC heap after
{Heap after GC invocations=28 (full 2):
 PSYoungGen      total 22528K, used 1168K [0x00000000eab00000, 0x00000000ec300000, 0x0000000100000000)
  eden space 20992K, 0% used [0x00000000eab00000,0x00000000eab00000,0x00000000ebf80000)
  from space 1536K, 76% used [0x00000000ec180000,0x00000000ec2a4010,0x00000000ec300000)
  to   space 1536K, 0% used [0x00000000ec000000,0x00000000ec000000,0x00000000ec180000)
 ParOldGen       total 68608K, used 38893K [0x00000000c0000000, 0x00000000c4300000, 0x00000000eab00000)
  object space 68608K, 56% used [0x00000000c0000000,0x00000000c25fb5e0,0x00000000c4300000)
 Metaspace       used 57065K, committed 58176K, reserved 1114112K
  class space    used 6133K, committed 6656K, reserved 1048576K
}
Event: 45.593 GC heap before
{Heap before GC invocations=29 (full 2):
 PSYoungGen      total 22528K, used 22160K [0x00000000eab00000, 0x00000000ec300000, 0x0000000100000000)
  eden space 20992K, 100% used [0x00000000eab00000,0x00000000ebf80000,0x00000000ebf80000)
  from space 1536K, 76% used [0x00000000ec180000,0x00000000ec2a4010,0x00000000ec300000)
  to   space 1536K, 0% used [0x00000000ec000000,0x00000000ec000000,0x00000000ec180000)
 ParOldGen       total 68608K, used 38893K [0x00000000c0000000, 0x00000000c4300000, 0x00000000eab00000)
  object space 68608K, 56% used [0x00000000c0000000,0x00000000c25fb5e0,0x00000000c4300000)
 Metaspace       used 57552K, committed 58688K, reserved 1114112K
  class space    used 6220K, committed 6720K, reserved 1048576K
}
Event: 45.598 GC heap after
{Heap after GC invocations=29 (full 2):
 PSYoungGen      total 22016K, used 768K [0x00000000eab00000, 0x00000000ec200000, 0x0000000100000000)
  eden space 20992K, 0% used [0x00000000eab00000,0x00000000eab00000,0x00000000ebf80000)
  from space 1024K, 75% used [0x00000000ec000000,0x00000000ec0c0000,0x00000000ec100000)
  to   space 1024K, 0% used [0x00000000ec100000,0x00000000ec100000,0x00000000ec200000)
 ParOldGen       total 68608K, used 39829K [0x00000000c0000000, 0x00000000c4300000, 0x00000000eab00000)
  object space 68608K, 58% used [0x00000000c0000000,0x00000000c26e55e0,0x00000000c4300000)
 Metaspace       used 57552K, committed 58688K, reserved 1114112K
  class space    used 6220K, committed 6720K, reserved 1048576K
}
Event: 46.632 GC heap before
{Heap before GC invocations=30 (full 2):
 PSYoungGen      total 22016K, used 21760K [0x00000000eab00000, 0x00000000ec200000, 0x0000000100000000)
  eden space 20992K, 100% used [0x00000000eab00000,0x00000000ebf80000,0x00000000ebf80000)
  from space 1024K, 75% used [0x00000000ec000000,0x00000000ec0c0000,0x00000000ec100000)
  to   space 1024K, 0% used [0x00000000ec100000,0x00000000ec100000,0x00000000ec200000)
 ParOldGen       total 68608K, used 39829K [0x00000000c0000000, 0x00000000c4300000, 0x00000000eab00000)
  object space 68608K, 58% used [0x00000000c0000000,0x00000000c26e55e0,0x00000000c4300000)
 Metaspace       used 58681K, committed 59776K, reserved 1114112K
  class space    used 6340K, committed 6848K, reserved 1048576K
}
Event: 46.636 GC heap after
{Heap after GC invocations=30 (full 2):
 PSYoungGen      total 22016K, used 864K [0x00000000eab00000, 0x00000000ec200000, 0x0000000100000000)
  eden space 20992K, 0% used [0x00000000eab00000,0x00000000eab00000,0x00000000ebf80000)
  from space 1024K, 84% used [0x00000000ec100000,0x00000000ec1d8000,0x00000000ec200000)
  to   space 1024K, 0% used [0x00000000ec000000,0x00000000ec000000,0x00000000ec100000)
 ParOldGen       total 68608K, used 40525K [0x00000000c0000000, 0x00000000c4300000, 0x00000000eab00000)
  object space 68608K, 59% used [0x00000000c0000000,0x00000000c27935e0,0x00000000c4300000)
 Metaspace       used 58681K, committed 59776K, reserved 1114112K
  class space    used 6340K, committed 6848K, reserved 1048576K
}
Event: 46.683 GC heap before
{Heap before GC invocations=31 (full 2):
 PSYoungGen      total 22016K, used 4572K [0x00000000eab00000, 0x00000000ec200000, 0x0000000100000000)
  eden space 20992K, 17% used [0x00000000eab00000,0x00000000eae9f3a0,0x00000000ebf80000)
  from space 1024K, 84% used [0x00000000ec100000,0x00000000ec1d8000,0x00000000ec200000)
  to   space 1024K, 0% used [0x00000000ec000000,0x00000000ec000000,0x00000000ec100000)
 ParOldGen       total 68608K, used 40525K [0x00000000c0000000, 0x00000000c4300000, 0x00000000eab00000)
  object space 68608K, 59% used [0x00000000c0000000,0x00000000c27935e0,0x00000000c4300000)
 Metaspace       used 58698K, committed 59776K, reserved 1114112K
  class space    used 6343K, committed 6848K, reserved 1048576K
}
Event: 46.689 GC heap after
{Heap after GC invocations=31 (full 2):
 PSYoungGen      total 21504K, used 512K [0x00000000eab00000, 0x00000000ec180000, 0x0000000100000000)
  eden space 20992K, 0% used [0x00000000eab00000,0x00000000eab00000,0x00000000ebf80000)
  from space 512K, 100% used [0x00000000ec000000,0x00000000ec080000,0x00000000ec080000)
  to   space 1024K, 0% used [0x00000000ec080000,0x00000000ec080000,0x00000000ec180000)
 ParOldGen       total 68608K, used 41305K [0x00000000c0000000, 0x00000000c4300000, 0x00000000eab00000)
  object space 68608K, 60% used [0x00000000c0000000,0x00000000c28565f0,0x00000000c4300000)
 Metaspace       used 58698K, committed 59776K, reserved 1114112K
  class space    used 6343K, committed 6848K, reserved 1048576K
}
Event: 46.689 GC heap before
{Heap before GC invocations=32 (full 3):
 PSYoungGen      total 21504K, used 512K [0x00000000eab00000, 0x00000000ec180000, 0x0000000100000000)
  eden space 20992K, 0% used [0x00000000eab00000,0x00000000eab00000,0x00000000ebf80000)
  from space 512K, 100% used [0x00000000ec000000,0x00000000ec080000,0x00000000ec080000)
  to   space 1024K, 0% used [0x00000000ec080000,0x00000000ec080000,0x00000000ec180000)
 ParOldGen       total 68608K, used 41305K [0x00000000c0000000, 0x00000000c4300000, 0x00000000eab00000)
  object space 68608K, 60% used [0x00000000c0000000,0x00000000c28565f0,0x00000000c4300000)
 Metaspace       used 58698K, committed 59776K, reserved 1114112K
  class space    used 6343K, committed 6848K, reserved 1048576K
}
Event: 46.846 GC heap after
{Heap after GC invocations=32 (full 3):
 PSYoungGen      total 21504K, used 0K [0x00000000eab00000, 0x00000000ec180000, 0x0000000100000000)
  eden space 20992K, 0% used [0x00000000eab00000,0x00000000eab00000,0x00000000ebf80000)
  from space 512K, 0% used [0x00000000ec000000,0x00000000ec000000,0x00000000ec080000)
  to   space 1024K, 0% used [0x00000000ec080000,0x00000000ec080000,0x00000000ec180000)
 ParOldGen       total 68608K, used 39049K [0x00000000c0000000, 0x00000000c4300000, 0x00000000eab00000)
  object space 68608K, 56% used [0x00000000c0000000,0x00000000c2622410,0x00000000c4300000)
 Metaspace       used 58698K, committed 59776K, reserved 1114112K
  class space    used 6343K, committed 6848K, reserved 1048576K
}
Event: 47.579 GC heap before
{Heap before GC invocations=33 (full 3):
 PSYoungGen      total 21504K, used 20992K [0x00000000eab00000, 0x00000000ec180000, 0x0000000100000000)
  eden space 20992K, 100% used [0x00000000eab00000,0x00000000ebf80000,0x00000000ebf80000)
  from space 512K, 0% used [0x00000000ec000000,0x00000000ec000000,0x00000000ec080000)
  to   space 1024K, 0% used [0x00000000ec080000,0x00000000ec080000,0x00000000ec180000)
 ParOldGen       total 68608K, used 39049K [0x00000000c0000000, 0x00000000c4300000, 0x00000000eab00000)
  object space 68608K, 56% used [0x00000000c0000000,0x00000000c2622410,0x00000000c4300000)
 Metaspace       used 59881K, committed 61056K, reserved 1114112K
  class space    used 6458K, committed 6976K, reserved 1048576K
}
Event: 47.581 GC heap after
{Heap after GC invocations=33 (full 3):
 PSYoungGen      total 21504K, used 992K [0x00000000eab00000, 0x00000000ec280000, 0x0000000100000000)
  eden space 20480K, 0% used [0x00000000eab00000,0x00000000eab00000,0x00000000ebf00000)
  from space 1024K, 96% used [0x00000000ec080000,0x00000000ec178010,0x00000000ec180000)
  to   space 1536K, 0% used [0x00000000ebf00000,0x00000000ebf00000,0x00000000ec080000)
 ParOldGen       total 68608K, used 39112K [0x00000000c0000000, 0x00000000c4300000, 0x00000000eab00000)
  object space 68608K, 57% used [0x00000000c0000000,0x00000000c26321a8,0x00000000c4300000)
 Metaspace       used 59881K, committed 61056K, reserved 1114112K
  class space    used 6458K, committed 6976K, reserved 1048576K
}

